<?xml version="1.0" encoding="UTF-8"?>
<!-- Generated by org.testng.reporters.JUnitReportReporter -->
<testsuite skipped="0" hostname="LAPTOP-4Q0EGICL" name="sanity.GrafanaAPI" tests="4" failures="0" timestamp="2022-06-25T14:21:14 IDT" time="5.786" errors="0">
  <testcase name="test04_deleteExistingTeam" time="0.214" classname="sanity.GrafanaAPI"/>
  <testcase name="test01_verifyTeam" time="5.216" classname="sanity.GrafanaAPI"/>
  <testcase name="test03_updateTeamAndVerify" time="0.178" classname="sanity.GrafanaAPI"/>
  <testcase name="test02_addTeamAndVerify" time="0.178" classname="sanity.GrafanaAPI"/>
</testsuite> <!-- sanity.GrafanaAPI -->
