<?xml version="1.0" encoding="UTF-8"?>
<!-- Generated by org.testng.reporters.JUnitReportReporter -->
<testsuite skipped="0" hostname="LAPTOP-4Q0EGICL" name="sanity.GrafanaWeb" tests="5" failures="0" timestamp="2022-06-25T14:21:12 IDT" time="28.328" errors="0">
  <testcase name="test02_verifyDefaultUsers" time="1.825" classname="sanity.GrafanaWeb"/>
  <testcase name="test05_verifyProgressSteps" time="2.233" classname="sanity.GrafanaWeb"/>
  <testcase name="test03_verifyNewUser" time="8.719" classname="sanity.GrafanaWeb"/>
  <testcase name="test04_verifyUserDeletion" time="4.072" classname="sanity.GrafanaWeb"/>
  <testcase name="test01_verifyHeader" time="11.479" classname="sanity.GrafanaWeb"/>
</testsuite> <!-- sanity.GrafanaWeb -->
