<?xml version="1.0" encoding="UTF-8"?>
<!-- Generated by org.testng.reporters.JUnitReportReporter -->
<testsuite skipped="0" hostname="LAPTOP-4Q0EGICL" name="sanity.ToDoListElectron" tests="2" failures="0" timestamp="2022-06-25T14:21:12 IDT" time="11.193" errors="0">
  <testcase name="test01_AddAndVerifyNewTask" time="8.133" classname="sanity.ToDoListElectron"/>
  <testcase name="test02_AddAndVerifyNewTask" time="3.060" classname="sanity.ToDoListElectron"/>
</testsuite> <!-- sanity.ToDoListElectron -->
